{"D:\\vsprojects\\bmath\\src\\index.ts": {"path":"D:\\vsprojects\\bmath\\src\\index.ts","statementMap":{"0":{"start":{"line":1,"column":14},"end":{"line":1,"column":null}},"1":{"start":{"line":2,"column":14},"end":{"line":2,"column":null}}},"fnMap":{},"branchMap":{},"s":{"0":3,"1":3},"f":{},"b":{}}
,"D:\\vsprojects\\bmath\\src\\core\\index.ts": {"path":"D:\\vsprojects\\bmath\\src\\core\\index.ts","statementMap":{"0":{"start":{"line":1,"column":14},"end":{"line":1,"column":null}},"1":{"start":{"line":2,"column":14},"end":{"line":2,"column":null}}},"fnMap":{},"branchMap":{},"s":{"0":3,"1":3},"f":{},"b":{}}
,"D:\\vsprojects\\bmath\\src\\core\\fractions\\Fraction.ts": {"path":"D:\\vsprojects\\bmath\\src\\core\\fractions\\Fraction.ts","statementMap":{"0":{"start":{"line":3,"column":13},"end":{"line":3,"column":null}},"1":{"start":{"line":1,"column":20},"end":{"line":1,"column":null}},"2":{"start":{"line":4,"column":2},"end":{"line":4,"column":null}},"3":{"start":{"line":5,"column":2},"end":{"line":5,"column":null}},"4":{"start":{"line":8,"column":4},"end":{"line":20,"column":5}},"5":{"start":{"line":9,"column":6},"end":{"line":9,"column":null}},"6":{"start":{"line":10,"column":6},"end":{"line":10,"column":null}},"7":{"start":{"line":12,"column":6},"end":{"line":15,"column":7}},"8":{"start":{"line":13,"column":8},"end":{"line":13,"column":null}},"9":{"start":{"line":14,"column":8},"end":{"line":14,"column":null}},"10":{"start":{"line":17,"column":6},"end":{"line":18,"column":null}}},"fnMap":{"0":{"name":"(anonymous_0)","decl":{"start":{"line":3,"column":13},"end":{"line":3,"column":null}},"loc":{"start":{"line":3,"column":13},"end":{"line":3,"column":null}}},"1":{"name":"(anonymous_1)","decl":{"start":{"line":7,"column":2},"end":{"line":7,"column":14}},"loc":{"start":{"line":7,"column":44},"end":{"line":21,"column":null}}}},"branchMap":{"0":{"loc":{"start":{"line":8,"column":4},"end":{"line":20,"column":5}},"type":"if","locations":[{"start":{"line":8,"column":4},"end":{"line":20,"column":5}},{"start":{"line":16,"column":11},"end":{"line":20,"column":5}}]},"1":{"loc":{"start":{"line":8,"column":8},"end":{"line":8,"column":67}},"type":"binary-expr","locations":[{"start":{"line":8,"column":8},"end":{"line":8,"column":23}},{"start":{"line":8,"column":23},"end":{"line":8,"column":46}},{"start":{"line":8,"column":46},"end":{"line":8,"column":67}}]},"2":{"loc":{"start":{"line":12,"column":6},"end":{"line":15,"column":7}},"type":"if","locations":[{"start":{"line":12,"column":6},"end":{"line":15,"column":7}}]}},"s":{"0":0,"1":3,"2":0,"3":0,"4":0,"5":0,"6":0,"7":0,"8":0,"9":0,"10":0},"f":{"0":0,"1":0},"b":{"0":[0,0],"1":[0,0,0],"2":[0]}}
,"D:\\vsprojects\\bmath\\src\\core\\operations\\add.ts": {"path":"D:\\vsprojects\\bmath\\src\\core\\operations\\add.ts","statementMap":{"0":{"start":{"line":5,"column":16},"end":{"line":5,"column":20}},"1":{"start":{"line":1,"column":24},"end":{"line":1,"column":null}},"2":{"start":{"line":6,"column":2},"end":{"line":14,"column":3}},"3":{"start":{"line":7,"column":4},"end":{"line":7,"column":null}},"4":{"start":{"line":8,"column":9},"end":{"line":14,"column":3}},"5":{"start":{"line":9,"column":4},"end":{"line":9,"column":null}},"6":{"start":{"line":10,"column":9},"end":{"line":14,"column":3}},"7":{"start":{"line":11,"column":4},"end":{"line":11,"column":null}},"8":{"start":{"line":12,"column":9},"end":{"line":14,"column":3}},"9":{"start":{"line":13,"column":4},"end":{"line":13,"column":null}}},"fnMap":{"0":{"name":"(anonymous_0)","decl":{"start":{"line":5,"column":16},"end":{"line":5,"column":20}},"loc":{"start":{"line":5,"column":16},"end":{"line":5,"column":20}}}},"branchMap":{"0":{"loc":{"start":{"line":6,"column":2},"end":{"line":14,"column":3}},"type":"if","locations":[{"start":{"line":6,"column":2},"end":{"line":14,"column":3}},{"start":{"line":8,"column":9},"end":{"line":14,"column":3}}]},"1":{"loc":{"start":{"line":6,"column":6},"end":{"line":6,"column":54}},"type":"binary-expr","locations":[{"start":{"line":6,"column":6},"end":{"line":6,"column":31}},{"start":{"line":6,"column":31},"end":{"line":6,"column":54}}]},"2":{"loc":{"start":{"line":8,"column":9},"end":{"line":14,"column":3}},"type":"if","locations":[{"start":{"line":8,"column":9},"end":{"line":14,"column":3}},{"start":{"line":10,"column":9},"end":{"line":14,"column":3}}]},"3":{"loc":{"start":{"line":8,"column":13},"end":{"line":8,"column":57}},"type":"binary-expr","locations":[{"start":{"line":8,"column":13},"end":{"line":8,"column":33}},{"start":{"line":8,"column":37},"end":{"line":8,"column":57}}]},"4":{"loc":{"start":{"line":10,"column":9},"end":{"line":14,"column":3}},"type":"if","locations":[{"start":{"line":10,"column":9},"end":{"line":14,"column":3}},{"start":{"line":12,"column":9},"end":{"line":14,"column":3}}]},"5":{"loc":{"start":{"line":10,"column":13},"end":{"line":10,"column":60}},"type":"binary-expr","locations":[{"start":{"line":10,"column":13},"end":{"line":10,"column":33}},{"start":{"line":10,"column":37},"end":{"line":10,"column":60}}]},"6":{"loc":{"start":{"line":12,"column":9},"end":{"line":14,"column":3}},"type":"if","locations":[{"start":{"line":12,"column":9},"end":{"line":14,"column":3}}]},"7":{"loc":{"start":{"line":12,"column":13},"end":{"line":12,"column":58}},"type":"binary-expr","locations":[{"start":{"line":12,"column":13},"end":{"line":12,"column":38}},{"start":{"line":12,"column":38},"end":{"line":12,"column":58}}]}},"s":{"0":5,"1":3,"2":15,"3":10,"4":5,"5":5,"6":0,"7":0,"8":0,"9":0},"f":{"0":20},"b":{"0":[10,5],"1":[15,10],"2":[5,0],"3":[5,5],"4":[0,0],"5":[0,0],"6":[0],"7":[0,0]}}
,"D:\\vsprojects\\bmath\\src\\core\\operations\\index.ts": {"path":"D:\\vsprojects\\bmath\\src\\core\\operations\\index.ts","statementMap":{"0":{"start":{"line":1,"column":14},"end":{"line":1,"column":null}}},"fnMap":{},"branchMap":{},"s":{"0":3},"f":{},"b":{}}
,"D:\\vsprojects\\bmath\\src\\math\\index.ts": {"path":"D:\\vsprojects\\bmath\\src\\math\\index.ts","statementMap":{"0":{"start":{"line":1,"column":14},"end":{"line":1,"column":null}},"1":{"start":{"line":2,"column":14},"end":{"line":2,"column":null}},"2":{"start":{"line":3,"column":14},"end":{"line":3,"column":null}}},"fnMap":{},"branchMap":{},"s":{"0":3,"1":3,"2":3},"f":{},"b":{}}
,"D:\\vsprojects\\bmath\\src\\math\\complex\\Complex.ts": {"path":"D:\\vsprojects\\bmath\\src\\math\\complex\\Complex.ts","statementMap":{"0":{"start":{"line":1,"column":13},"end":{"line":1,"column":20}},"1":{"start":{"line":12,"column":13},"end":{"line":12,"column":25}},"2":{"start":{"line":2,"column":2},"end":{"line":2,"column":null}},"3":{"start":{"line":3,"column":2},"end":{"line":3,"column":null}},"4":{"start":{"line":6,"column":4},"end":{"line":6,"column":null}},"5":{"start":{"line":7,"column":4},"end":{"line":7,"column":null}},"6":{"start":{"line":14,"column":4},"end":{"line":14,"column":null}}},"fnMap":{"0":{"name":"(anonymous_1)","decl":{"start":{"line":1,"column":20},"end":{"line":1,"column":null}},"loc":{"start":{"line":1,"column":13},"end":{"line":1,"column":20}}},"1":{"name":"(anonymous_2)","decl":{"start":{"line":12,"column":25},"end":{"line":12,"column":null}},"loc":{"start":{"line":12,"column":13},"end":{"line":12,"column":25}}},"2":{"name":"(anonymous_3)","decl":{"start":{"line":5,"column":2},"end":{"line":5,"column":14}},"loc":{"start":{"line":5,"column":27},"end":{"line":8,"column":null}}},"3":{"name":"(anonymous_4)","decl":{"start":{"line":13,"column":2},"end":{"line":13,"column":14}},"loc":{"start":{"line":13,"column":27},"end":{"line":15,"column":null}}}},"branchMap":{},"s":{"0":30,"1":0,"2":20,"3":20,"4":20,"5":20,"6":0},"f":{"0":30,"1":0,"2":20,"3":0},"b":{}}
,"D:\\vsprojects\\bmath\\src\\math\\complex\\index.ts": {"path":"D:\\vsprojects\\bmath\\src\\math\\complex\\index.ts","statementMap":{"0":{"start":{"line":1,"column":14},"end":{"line":1,"column":null}}},"fnMap":{},"branchMap":{},"s":{"0":3},"f":{},"b":{}}
,"D:\\vsprojects\\bmath\\src\\math\\numbertheory\\index.ts": {"path":"D:\\vsprojects\\bmath\\src\\math\\numbertheory\\index.ts","statementMap":{"0":{"start":{"line":1,"column":14},"end":{"line":1,"column":null}},"1":{"start":{"line":2,"column":14},"end":{"line":2,"column":null}}},"fnMap":{},"branchMap":{},"s":{"0":3,"1":3},"f":{},"b":{}}
,"D:\\vsprojects\\bmath\\src\\math\\numbertheory\\isPerfect.ts": {"path":"D:\\vsprojects\\bmath\\src\\math\\numbertheory\\isPerfect.ts","statementMap":{"0":{"start":{"line":1,"column":16},"end":{"line":1,"column":26}},"1":{"start":{"line":2,"column":12},"end":{"line":2,"column":null}},"2":{"start":{"line":4,"column":2},"end":{"line":8,"column":null}},"3":{"start":{"line":4,"column":15},"end":{"line":4,"column":22}},"4":{"start":{"line":5,"column":4},"end":{"line":7,"column":5}},"5":{"start":{"line":6,"column":6},"end":{"line":6,"column":null}},"6":{"start":{"line":10,"column":2},"end":{"line":10,"column":null}}},"fnMap":{"0":{"name":"(anonymous_0)","decl":{"start":{"line":1,"column":16},"end":{"line":1,"column":26}},"loc":{"start":{"line":1,"column":16},"end":{"line":1,"column":26}}}},"branchMap":{"0":{"loc":{"start":{"line":5,"column":4},"end":{"line":7,"column":5}},"type":"if","locations":[{"start":{"line":5,"column":4},"end":{"line":7,"column":5}}]}},"s":{"0":0,"1":0,"2":0,"3":0,"4":0,"5":0,"6":0},"f":{"0":0},"b":{"0":[0]}}
,"D:\\vsprojects\\bmath\\src\\math\\numbertheory\\isPrime.ts": {"path":"D:\\vsprojects\\bmath\\src\\math\\numbertheory\\isPrime.ts","statementMap":{"0":{"start":{"line":1,"column":16},"end":{"line":1,"column":24}},"1":{"start":{"line":2,"column":2},"end":{"line":4,"column":3}},"2":{"start":{"line":3,"column":4},"end":{"line":3,"column":null}},"3":{"start":{"line":6,"column":2},"end":{"line":10,"column":null}},"4":{"start":{"line":6,"column":15},"end":{"line":6,"column":18}},"5":{"start":{"line":7,"column":4},"end":{"line":9,"column":5}},"6":{"start":{"line":8,"column":6},"end":{"line":8,"column":null}},"7":{"start":{"line":12,"column":2},"end":{"line":12,"column":null}}},"fnMap":{"0":{"name":"(anonymous_0)","decl":{"start":{"line":1,"column":16},"end":{"line":1,"column":24}},"loc":{"start":{"line":1,"column":16},"end":{"line":1,"column":24}}}},"branchMap":{"0":{"loc":{"start":{"line":2,"column":2},"end":{"line":4,"column":3}},"type":"if","locations":[{"start":{"line":2,"column":2},"end":{"line":4,"column":3}}]},"1":{"loc":{"start":{"line":2,"column":6},"end":{"line":2,"column":24}},"type":"binary-expr","locations":[{"start":{"line":2,"column":6},"end":{"line":2,"column":17}},{"start":{"line":2,"column":17},"end":{"line":2,"column":24}}]},"2":{"loc":{"start":{"line":7,"column":4},"end":{"line":9,"column":5}},"type":"if","locations":[{"start":{"line":7,"column":4},"end":{"line":9,"column":5}}]}},"s":{"0":0,"1":0,"2":0,"3":0,"4":0,"5":0,"6":0,"7":0},"f":{"0":0},"b":{"0":[0],"1":[0,0],"2":[0]}}
,"D:\\vsprojects\\bmath\\src\\math\\utils\\GCD.ts": {"path":"D:\\vsprojects\\bmath\\src\\math\\utils\\GCD.ts","statementMap":{"0":{"start":{"line":1,"column":16},"end":{"line":1,"column":20}},"1":{"start":{"line":2,"column":20},"end":{"line":2,"column":null}},"2":{"start":{"line":3,"column":2},"end":{"line":3,"column":null}},"3":{"start":{"line":3,"column":23},"end":{"line":3,"column":null}},"4":{"start":{"line":4,"column":2},"end":{"line":4,"column":null}}},"fnMap":{"0":{"name":"(anonymous_0)","decl":{"start":{"line":1,"column":16},"end":{"line":1,"column":20}},"loc":{"start":{"line":1,"column":16},"end":{"line":1,"column":20}}}},"branchMap":{"0":{"loc":{"start":{"line":3,"column":2},"end":{"line":3,"column":null}},"type":"if","locations":[{"start":{"line":3,"column":2},"end":{"line":3,"column":null}}]}},"s":{"0":5,"1":37,"2":37,"3":5,"4":32},"f":{"0":42},"b":{"0":[5]}}
,"D:\\vsprojects\\bmath\\src\\math\\utils\\LCM.ts": {"path":"D:\\vsprojects\\bmath\\src\\math\\utils\\LCM.ts","statementMap":{"0":{"start":{"line":3,"column":16},"end":{"line":3,"column":20}},"1":{"start":{"line":1,"column":20},"end":{"line":1,"column":null}},"2":{"start":{"line":4,"column":2},"end":{"line":4,"column":null}}},"fnMap":{"0":{"name":"(anonymous_0)","decl":{"start":{"line":3,"column":16},"end":{"line":3,"column":20}},"loc":{"start":{"line":3,"column":16},"end":{"line":3,"column":20}}}},"branchMap":{},"s":{"0":0,"1":3,"2":0},"f":{"0":0},"b":{}}
,"D:\\vsprojects\\bmath\\src\\math\\utils\\deg2rad.ts": {"path":"D:\\vsprojects\\bmath\\src\\math\\utils\\deg2rad.ts","statementMap":{"0":{"start":{"line":1,"column":16},"end":{"line":1,"column":24}},"1":{"start":{"line":2,"column":2},"end":{"line":2,"column":null}}},"fnMap":{"0":{"name":"(anonymous_0)","decl":{"start":{"line":1,"column":16},"end":{"line":1,"column":24}},"loc":{"start":{"line":1,"column":16},"end":{"line":1,"column":24}}}},"branchMap":{},"s":{"0":0,"1":0},"f":{"0":0},"b":{}}
,"D:\\vsprojects\\bmath\\src\\math\\utils\\index.ts": {"path":"D:\\vsprojects\\bmath\\src\\math\\utils\\index.ts","statementMap":{"0":{"start":{"line":1,"column":14},"end":{"line":1,"column":null}},"1":{"start":{"line":2,"column":14},"end":{"line":2,"column":null}},"2":{"start":{"line":3,"column":14},"end":{"line":3,"column":null}},"3":{"start":{"line":4,"column":14},"end":{"line":4,"column":null}},"4":{"start":{"line":5,"column":14},"end":{"line":5,"column":null}},"5":{"start":{"line":6,"column":14},"end":{"line":6,"column":null}}},"fnMap":{},"branchMap":{},"s":{"0":3,"1":3,"2":3,"3":3,"4":3,"5":3},"f":{},"b":{}}
,"D:\\vsprojects\\bmath\\src\\math\\utils\\polar.ts": {"path":"D:\\vsprojects\\bmath\\src\\math\\utils\\polar.ts","statementMap":{"0":{"start":{"line":2,"column":16},"end":{"line":2,"column":22}},"1":{"start":{"line":3,"column":2},"end":{"line":3,"column":null}}},"fnMap":{"0":{"name":"(anonymous_0)","decl":{"start":{"line":2,"column":16},"end":{"line":2,"column":22}},"loc":{"start":{"line":2,"column":16},"end":{"line":2,"column":22}}}},"branchMap":{},"s":{"0":0,"1":0},"f":{"0":0},"b":{}}
,"D:\\vsprojects\\bmath\\src\\math\\utils\\rad2deg.ts": {"path":"D:\\vsprojects\\bmath\\src\\math\\utils\\rad2deg.ts","statementMap":{"0":{"start":{"line":1,"column":16},"end":{"line":1,"column":24}},"1":{"start":{"line":2,"column":2},"end":{"line":2,"column":null}}},"fnMap":{"0":{"name":"(anonymous_0)","decl":{"start":{"line":1,"column":16},"end":{"line":1,"column":24}},"loc":{"start":{"line":1,"column":16},"end":{"line":1,"column":24}}}},"branchMap":{},"s":{"0":0,"1":0},"f":{"0":0},"b":{}}
,"D:\\vsprojects\\bmath\\src\\math\\utils\\sgn.ts": {"path":"D:\\vsprojects\\bmath\\src\\math\\utils\\sgn.ts","statementMap":{"0":{"start":{"line":1,"column":16},"end":{"line":1,"column":20}},"1":{"start":{"line":2,"column":2},"end":{"line":2,"column":null}}},"fnMap":{"0":{"name":"(anonymous_0)","decl":{"start":{"line":1,"column":16},"end":{"line":1,"column":20}},"loc":{"start":{"line":1,"column":16},"end":{"line":1,"column":20}}}},"branchMap":{"0":{"loc":{"start":{"line":2,"column":9},"end":{"line":2,"column":37}},"type":"cond-expr","locations":[{"start":{"line":2,"column":17},"end":{"line":2,"column":21}},{"start":{"line":2,"column":21},"end":{"line":2,"column":37}}]},"1":{"loc":{"start":{"line":2,"column":21},"end":{"line":2,"column":37}},"type":"cond-expr","locations":[{"start":{"line":2,"column":31},"end":{"line":2,"column":35}},{"start":{"line":2,"column":35},"end":{"line":2,"column":37}}]}},"s":{"0":5,"1":5},"f":{"0":10},"b":{"0":[2,3],"1":[1,2]}}
}
